The system is: Linux - 5.9.0-050900rc4-generic - x86_64
Compiling the C compiler identification source file "CMakeCCompilerId.c" succeeded.
Compiler: /usr/bin/gcc 
Build flags: 
Id flags:  

The output was:
0


Compilation of the C compiler identification source "CMakeCCompilerId.c" produced "a.out"

The C compiler identification is GNU, found in "/home/usr/PProjects/opengl_engine_2d/build/CMakeFiles/3.18.2/CompilerIdC/a.out"

Compiling the CXX compiler identification source file "CMakeCXXCompilerId.cpp" succeeded.
Compiler: /usr/bin/g++ 
Build flags: -lGL;-lX11;-lXrandr;-lpthread;-lXi;-lm;-ldl;-lSOIL;-fpermissive
Id flags:  

The output was:
0


Compilation of the CXX compiler identification source "CMakeCXXCompilerId.cpp" produced "a.out"

The CXX compiler identification is GNU, found in "/home/usr/PProjects/opengl_engine_2d/build/CMakeFiles/3.18.2/CompilerIdCXX/a.out"

Detecting C compiler ABI info compiled with the following output:
Change Dir: /home/usr/PProjects/opengl_engine_2d/build/CMakeFiles/CMakeTmp

Run Build Command(s):/usr/bin/ninja cmTC_bd4d1 && [1/2] Building C object CMakeFiles/cmTC_bd4d1.dir/CMakeCCompilerABI.c.o
Using built-in specs.
COLLECT_GCC=/usr/bin/gcc
Target: x86_64-linux-gnu
Configured with: ../Downloads/gcc-10.2.0/configure -v --build=x86_64-linux-gnu --host=x86_64-linux-gnu --target=x86_64-linux-gnu --prefix=/usr/local/bin/gcc-10.2.0 --enable-checking=release --enable-languages=c,c++,fortran --disable-multilib --program-suffix=-10.2
Thread model: posix
Supported LTO compression algorithms: zlib
gcc version 10.2.0 (GCC) 
COLLECT_GCC_OPTIONS='-v' '-o' 'CMakeFiles/cmTC_bd4d1.dir/CMakeCCompilerABI.c.o' '-c' '-mtune=generic' '-march=x86-64'
 /usr/local/bin/gcc-10.2.0/libexec/gcc/x86_64-linux-gnu/10.2.0/cc1 -quiet -v -imultiarch x86_64-linux-gnu /home/usr/.asdf/installs/cmake/3.18.2/share/cmake-3.18/Modules/CMakeCCompilerABI.c -quiet -dumpbase CMakeCCompilerABI.c -mtune=generic -march=x86-64 -auxbase-strip CMakeFiles/cmTC_bd4d1.dir/CMakeCCompilerABI.c.o -version -o /tmp/ccdPS21F.s
GNU C17 (GCC) version 10.2.0 (x86_64-linux-gnu)
	compiled by GNU C version 10.2.0, GMP version 6.1.0, MPFR version 3.1.4, MPC version 1.0.3, isl version isl-0.18-GMP

GGC heuristics: --param ggc-min-expand=100 --param ggc-min-heapsize=131072
ignoring nonexistent directory "/usr/local/include/x86_64-linux-gnu"
ignoring nonexistent directory "/usr/local/bin/gcc-10.2.0/lib/gcc/x86_64-linux-gnu/10.2.0/../../../../x86_64-linux-gnu/include"
#include "..." search starts here:
#include <...> search starts here:
 /usr/local/bin/gcc-10.2.0/lib/gcc/x86_64-linux-gnu/10.2.0/include
 /usr/local/include
 /usr/local/bin/gcc-10.2.0/include
 /usr/local/bin/gcc-10.2.0/lib/gcc/x86_64-linux-gnu/10.2.0/include-fixed
 /usr/include/x86_64-linux-gnu
 /usr/include
End of search list.
GNU C17 (GCC) version 10.2.0 (x86_64-linux-gnu)
	compiled by GNU C version 10.2.0, GMP version 6.1.0, MPFR version 3.1.4, MPC version 1.0.3, isl version isl-0.18-GMP

GGC heuristics: --param ggc-min-expand=100 --param ggc-min-heapsize=131072
Compiler executable checksum: 910c80184323dfd11b0724919c59a247
COLLECT_GCC_OPTIONS='-v' '-o' 'CMakeFiles/cmTC_bd4d1.dir/CMakeCCompilerABI.c.o' '-c' '-mtune=generic' '-march=x86-64'
 as -v --64 -o CMakeFiles/cmTC_bd4d1.dir/CMakeCCompilerABI.c.o /tmp/ccdPS21F.s
GNU assembler version 2.34 (x86_64-linux-gnu) using BFD version (GNU Binutils for Ubuntu) 2.34
COMPILER_PATH=/usr/local/bin/gcc-10.2.0/libexec/gcc/x86_64-linux-gnu/10.2.0/:/usr/local/bin/gcc-10.2.0/libexec/gcc/x86_64-linux-gnu/10.2.0/:/usr/local/bin/gcc-10.2.0/libexec/gcc/x86_64-linux-gnu/:/usr/local/bin/gcc-10.2.0/lib/gcc/x86_64-linux-gnu/10.2.0/:/usr/local/bin/gcc-10.2.0/lib/gcc/x86_64-linux-gnu/
LIBRARY_PATH=/usr/local/bin/gcc-10.2.0/lib/gcc/x86_64-linux-gnu/10.2.0/:/usr/local/bin/gcc-10.2.0/lib/gcc/x86_64-linux-gnu/10.2.0/../../../../lib64/:/lib/x86_64-linux-gnu/:/lib/../lib64/:/usr/lib/x86_64-linux-gnu/:/usr/lib/../lib64/:/usr/local/bin/gcc-10.2.0/lib/gcc/x86_64-linux-gnu/10.2.0/../../../:/lib/:/usr/lib/
COLLECT_GCC_OPTIONS='-v' '-o' 'CMakeFiles/cmTC_bd4d1.dir/CMakeCCompilerABI.c.o' '-c' '-mtune=generic' '-march=x86-64'
[2/2] Linking C executable cmTC_bd4d1
Using built-in specs.
COLLECT_GCC=/usr/bin/gcc
COLLECT_LTO_WRAPPER=/usr/local/bin/gcc-10.2.0/libexec/gcc/x86_64-linux-gnu/10.2.0/lto-wrapper
Target: x86_64-linux-gnu
Configured with: ../Downloads/gcc-10.2.0/configure -v --build=x86_64-linux-gnu --host=x86_64-linux-gnu --target=x86_64-linux-gnu --prefix=/usr/local/bin/gcc-10.2.0 --enable-checking=release --enable-languages=c,c++,fortran --disable-multilib --program-suffix=-10.2
Thread model: posix
Supported LTO compression algorithms: zlib
gcc version 10.2.0 (GCC) 
COMPILER_PATH=/usr/local/bin/gcc-10.2.0/libexec/gcc/x86_64-linux-gnu/10.2.0/:/usr/local/bin/gcc-10.2.0/libexec/gcc/x86_64-linux-gnu/10.2.0/:/usr/local/bin/gcc-10.2.0/libexec/gcc/x86_64-linux-gnu/:/usr/local/bin/gcc-10.2.0/lib/gcc/x86_64-linux-gnu/10.2.0/:/usr/local/bin/gcc-10.2.0/lib/gcc/x86_64-linux-gnu/
LIBRARY_PATH=/usr/local/bin/gcc-10.2.0/lib/gcc/x86_64-linux-gnu/10.2.0/:/usr/local/bin/gcc-10.2.0/lib/gcc/x86_64-linux-gnu/10.2.0/../../../../lib64/:/lib/x86_64-linux-gnu/:/lib/../lib64/:/usr/lib/x86_64-linux-gnu/:/usr/lib/../lib64/:/usr/local/bin/gcc-10.2.0/lib/gcc/x86_64-linux-gnu/10.2.0/../../../:/lib/:/usr/lib/
COLLECT_GCC_OPTIONS='-v' '-rdynamic' '-o' 'cmTC_bd4d1' '-mtune=generic' '-march=x86-64'
 /usr/local/bin/gcc-10.2.0/libexec/gcc/x86_64-linux-gnu/10.2.0/collect2 -plugin /usr/local/bin/gcc-10.2.0/libexec/gcc/x86_64-linux-gnu/10.2.0/liblto_plugin.so -plugin-opt=/usr/local/bin/gcc-10.2.0/libexec/gcc/x86_64-linux-gnu/10.2.0/lto-wrapper -plugin-opt=-fresolution=/tmp/ccy3y1VX.res -plugin-opt=-pass-through=-lgcc -plugin-opt=-pass-through=-lgcc_s -plugin-opt=-pass-through=-lc -plugin-opt=-pass-through=-lgcc -plugin-opt=-pass-through=-lgcc_s --eh-frame-hdr -m elf_x86_64 -export-dynamic -dynamic-linker /lib64/ld-linux-x86-64.so.2 -o cmTC_bd4d1 /lib/x86_64-linux-gnu/crt1.o /lib/x86_64-linux-gnu/crti.o /usr/local/bin/gcc-10.2.0/lib/gcc/x86_64-linux-gnu/10.2.0/crtbegin.o -L/usr/local/bin/gcc-10.2.0/lib/gcc/x86_64-linux-gnu/10.2.0 -L/usr/local/bin/gcc-10.2.0/lib/gcc/x86_64-linux-gnu/10.2.0/../../../../lib64 -L/lib/x86_64-linux-gnu -L/lib/../lib64 -L/usr/lib/x86_64-linux-gnu -L/usr/lib/../lib64 -L/usr/local/bin/gcc-10.2.0/lib/gcc/x86_64-linux-gnu/10.2.0/../../.. CMakeFiles/cmTC_bd4d1.dir/CMakeCCompilerABI.c.o -lgcc --push-state --as-needed -lgcc_s --pop-state -lc -lgcc --push-state --as-needed -lgcc_s --pop-state /usr/local/bin/gcc-10.2.0/lib/gcc/x86_64-linux-gnu/10.2.0/crtend.o /lib/x86_64-linux-gnu/crtn.o
COLLECT_GCC_OPTIONS='-v' '-rdynamic' '-o' 'cmTC_bd4d1' '-mtune=generic' '-march=x86-64'



Parsed C implicit include dir info from above output: rv=done
  found start of include info
  found start of implicit include info
    add: [/usr/local/bin/gcc-10.2.0/lib/gcc/x86_64-linux-gnu/10.2.0/include]
    add: [/usr/local/include]
    add: [/usr/local/bin/gcc-10.2.0/include]
    add: [/usr/local/bin/gcc-10.2.0/lib/gcc/x86_64-linux-gnu/10.2.0/include-fixed]
    add: [/usr/include/x86_64-linux-gnu]
    add: [/usr/include]
  end of search list found
  collapse include dir [/usr/local/bin/gcc-10.2.0/lib/gcc/x86_64-linux-gnu/10.2.0/include] ==> [/usr/local/bin/gcc-10.2.0/lib/gcc/x86_64-linux-gnu/10.2.0/include]
  collapse include dir [/usr/local/include] ==> [/usr/local/include]
  collapse include dir [/usr/local/bin/gcc-10.2.0/include] ==> [/usr/local/bin/gcc-10.2.0/include]
  collapse include dir [/usr/local/bin/gcc-10.2.0/lib/gcc/x86_64-linux-gnu/10.2.0/include-fixed] ==> [/usr/local/bin/gcc-10.2.0/lib/gcc/x86_64-linux-gnu/10.2.0/include-fixed]
  collapse include dir [/usr/include/x86_64-linux-gnu] ==> [/usr/include/x86_64-linux-gnu]
  collapse include dir [/usr/include] ==> [/usr/include]
  implicit include dirs: [/usr/local/bin/gcc-10.2.0/lib/gcc/x86_64-linux-gnu/10.2.0/include;/usr/local/include;/usr/local/bin/gcc-10.2.0/include;/usr/local/bin/gcc-10.2.0/lib/gcc/x86_64-linux-gnu/10.2.0/include-fixed;/usr/include/x86_64-linux-gnu;/usr/include]


Parsed C implicit link information from above output:
  link line regex: [^( *|.*[/\])(ld|CMAKE_LINK_STARTFILE-NOTFOUND|([^/\]+-)?ld|collect2)[^/\]*( |$)]
  ignore line: [Change Dir: /home/usr/PProjects/opengl_engine_2d/build/CMakeFiles/CMakeTmp]
  ignore line: []
  ignore line: [Run Build Command(s):/usr/bin/ninja cmTC_bd4d1 && [1/2] Building C object CMakeFiles/cmTC_bd4d1.dir/CMakeCCompilerABI.c.o]
  ignore line: [Using built-in specs.]
  ignore line: [COLLECT_GCC=/usr/bin/gcc]
  ignore line: [Target: x86_64-linux-gnu]
  ignore line: [Configured with: ../Downloads/gcc-10.2.0/configure -v --build=x86_64-linux-gnu --host=x86_64-linux-gnu --target=x86_64-linux-gnu --prefix=/usr/local/bin/gcc-10.2.0 --enable-checking=release --enable-languages=c c++ fortran --disable-multilib --program-suffix=-10.2]
  ignore line: [Thread model: posix]
  ignore line: [Supported LTO compression algorithms: zlib]
  ignore line: [gcc version 10.2.0 (GCC) ]
  ignore line: [COLLECT_GCC_OPTIONS='-v' '-o' 'CMakeFiles/cmTC_bd4d1.dir/CMakeCCompilerABI.c.o' '-c' '-mtune=generic' '-march=x86-64']
  ignore line: [ /usr/local/bin/gcc-10.2.0/libexec/gcc/x86_64-linux-gnu/10.2.0/cc1 -quiet -v -imultiarch x86_64-linux-gnu /home/usr/.asdf/installs/cmake/3.18.2/share/cmake-3.18/Modules/CMakeCCompilerABI.c -quiet -dumpbase CMakeCCompilerABI.c -mtune=generic -march=x86-64 -auxbase-strip CMakeFiles/cmTC_bd4d1.dir/CMakeCCompilerABI.c.o -version -o /tmp/ccdPS21F.s]
  ignore line: [GNU C17 (GCC) version 10.2.0 (x86_64-linux-gnu)]
  ignore line: [	compiled by GNU C version 10.2.0  GMP version 6.1.0  MPFR version 3.1.4  MPC version 1.0.3  isl version isl-0.18-GMP]
  ignore line: []
  ignore line: [GGC heuristics: --param ggc-min-expand=100 --param ggc-min-heapsize=131072]
  ignore line: [ignoring nonexistent directory "/usr/local/include/x86_64-linux-gnu"]
  ignore line: [ignoring nonexistent directory "/usr/local/bin/gcc-10.2.0/lib/gcc/x86_64-linux-gnu/10.2.0/../../../../x86_64-linux-gnu/include"]
  ignore line: [#include "..." search starts here:]
  ignore line: [#include <...> search starts here:]
  ignore line: [ /usr/local/bin/gcc-10.2.0/lib/gcc/x86_64-linux-gnu/10.2.0/include]
  ignore line: [ /usr/local/include]
  ignore line: [ /usr/local/bin/gcc-10.2.0/include]
  ignore line: [ /usr/local/bin/gcc-10.2.0/lib/gcc/x86_64-linux-gnu/10.2.0/include-fixed]
  ignore line: [ /usr/include/x86_64-linux-gnu]
  ignore line: [ /usr/include]
  ignore line: [End of search list.]
  ignore line: [GNU C17 (GCC) version 10.2.0 (x86_64-linux-gnu)]
  ignore line: [	compiled by GNU C version 10.2.0  GMP version 6.1.0  MPFR version 3.1.4  MPC version 1.0.3  isl version isl-0.18-GMP]
  ignore line: []
  ignore line: [GGC heuristics: --param ggc-min-expand=100 --param ggc-min-heapsize=131072]
  ignore line: [Compiler executable checksum: 910c80184323dfd11b0724919c59a247]
  ignore line: [COLLECT_GCC_OPTIONS='-v' '-o' 'CMakeFiles/cmTC_bd4d1.dir/CMakeCCompilerABI.c.o' '-c' '-mtune=generic' '-march=x86-64']
  ignore line: [ as -v --64 -o CMakeFiles/cmTC_bd4d1.dir/CMakeCCompilerABI.c.o /tmp/ccdPS21F.s]
  ignore line: [GNU assembler version 2.34 (x86_64-linux-gnu) using BFD version (GNU Binutils for Ubuntu) 2.34]
  ignore line: [COMPILER_PATH=/usr/local/bin/gcc-10.2.0/libexec/gcc/x86_64-linux-gnu/10.2.0/:/usr/local/bin/gcc-10.2.0/libexec/gcc/x86_64-linux-gnu/10.2.0/:/usr/local/bin/gcc-10.2.0/libexec/gcc/x86_64-linux-gnu/:/usr/local/bin/gcc-10.2.0/lib/gcc/x86_64-linux-gnu/10.2.0/:/usr/local/bin/gcc-10.2.0/lib/gcc/x86_64-linux-gnu/]
  ignore line: [LIBRARY_PATH=/usr/local/bin/gcc-10.2.0/lib/gcc/x86_64-linux-gnu/10.2.0/:/usr/local/bin/gcc-10.2.0/lib/gcc/x86_64-linux-gnu/10.2.0/../../../../lib64/:/lib/x86_64-linux-gnu/:/lib/../lib64/:/usr/lib/x86_64-linux-gnu/:/usr/lib/../lib64/:/usr/local/bin/gcc-10.2.0/lib/gcc/x86_64-linux-gnu/10.2.0/../../../:/lib/:/usr/lib/]
  ignore line: [COLLECT_GCC_OPTIONS='-v' '-o' 'CMakeFiles/cmTC_bd4d1.dir/CMakeCCompilerABI.c.o' '-c' '-mtune=generic' '-march=x86-64']
  ignore line: [[2/2] Linking C executable cmTC_bd4d1]
  ignore line: [Using built-in specs.]
  ignore line: [COLLECT_GCC=/usr/bin/gcc]
  ignore line: [COLLECT_LTO_WRAPPER=/usr/local/bin/gcc-10.2.0/libexec/gcc/x86_64-linux-gnu/10.2.0/lto-wrapper]
  ignore line: [Target: x86_64-linux-gnu]
  ignore line: [Configured with: ../Downloads/gcc-10.2.0/configure -v --build=x86_64-linux-gnu --host=x86_64-linux-gnu --target=x86_64-linux-gnu --prefix=/usr/local/bin/gcc-10.2.0 --enable-checking=release --enable-languages=c c++ fortran --disable-multilib --program-suffix=-10.2]
  ignore line: [Thread model: posix]
  ignore line: [Supported LTO compression algorithms: zlib]
  ignore line: [gcc version 10.2.0 (GCC) ]
  ignore line: [COMPILER_PATH=/usr/local/bin/gcc-10.2.0/libexec/gcc/x86_64-linux-gnu/10.2.0/:/usr/local/bin/gcc-10.2.0/libexec/gcc/x86_64-linux-gnu/10.2.0/:/usr/local/bin/gcc-10.2.0/libexec/gcc/x86_64-linux-gnu/:/usr/local/bin/gcc-10.2.0/lib/gcc/x86_64-linux-gnu/10.2.0/:/usr/local/bin/gcc-10.2.0/lib/gcc/x86_64-linux-gnu/]
  ignore line: [LIBRARY_PATH=/usr/local/bin/gcc-10.2.0/lib/gcc/x86_64-linux-gnu/10.2.0/:/usr/local/bin/gcc-10.2.0/lib/gcc/x86_64-linux-gnu/10.2.0/../../../../lib64/:/lib/x86_64-linux-gnu/:/lib/../lib64/:/usr/lib/x86_64-linux-gnu/:/usr/lib/../lib64/:/usr/local/bin/gcc-10.2.0/lib/gcc/x86_64-linux-gnu/10.2.0/../../../:/lib/:/usr/lib/]
  ignore line: [COLLECT_GCC_OPTIONS='-v' '-rdynamic' '-o' 'cmTC_bd4d1' '-mtune=generic' '-march=x86-64']
  link line: [ /usr/local/bin/gcc-10.2.0/libexec/gcc/x86_64-linux-gnu/10.2.0/collect2 -plugin /usr/local/bin/gcc-10.2.0/libexec/gcc/x86_64-linux-gnu/10.2.0/liblto_plugin.so -plugin-opt=/usr/local/bin/gcc-10.2.0/libexec/gcc/x86_64-linux-gnu/10.2.0/lto-wrapper -plugin-opt=-fresolution=/tmp/ccy3y1VX.res -plugin-opt=-pass-through=-lgcc -plugin-opt=-pass-through=-lgcc_s -plugin-opt=-pass-through=-lc -plugin-opt=-pass-through=-lgcc -plugin-opt=-pass-through=-lgcc_s --eh-frame-hdr -m elf_x86_64 -export-dynamic -dynamic-linker /lib64/ld-linux-x86-64.so.2 -o cmTC_bd4d1 /lib/x86_64-linux-gnu/crt1.o /lib/x86_64-linux-gnu/crti.o /usr/local/bin/gcc-10.2.0/lib/gcc/x86_64-linux-gnu/10.2.0/crtbegin.o -L/usr/local/bin/gcc-10.2.0/lib/gcc/x86_64-linux-gnu/10.2.0 -L/usr/local/bin/gcc-10.2.0/lib/gcc/x86_64-linux-gnu/10.2.0/../../../../lib64 -L/lib/x86_64-linux-gnu -L/lib/../lib64 -L/usr/lib/x86_64-linux-gnu -L/usr/lib/../lib64 -L/usr/local/bin/gcc-10.2.0/lib/gcc/x86_64-linux-gnu/10.2.0/../../.. CMakeFiles/cmTC_bd4d1.dir/CMakeCCompilerABI.c.o -lgcc --push-state --as-needed -lgcc_s --pop-state -lc -lgcc --push-state --as-needed -lgcc_s --pop-state /usr/local/bin/gcc-10.2.0/lib/gcc/x86_64-linux-gnu/10.2.0/crtend.o /lib/x86_64-linux-gnu/crtn.o]
    arg [/usr/local/bin/gcc-10.2.0/libexec/gcc/x86_64-linux-gnu/10.2.0/collect2] ==> ignore
    arg [-plugin] ==> ignore
    arg [/usr/local/bin/gcc-10.2.0/libexec/gcc/x86_64-linux-gnu/10.2.0/liblto_plugin.so] ==> ignore
    arg [-plugin-opt=/usr/local/bin/gcc-10.2.0/libexec/gcc/x86_64-linux-gnu/10.2.0/lto-wrapper] ==> ignore
    arg [-plugin-opt=-fresolution=/tmp/ccy3y1VX.res] ==> ignore
    arg [-plugin-opt=-pass-through=-lgcc] ==> ignore
    arg [-plugin-opt=-pass-through=-lgcc_s] ==> ignore
    arg [-plugin-opt=-pass-through=-lc] ==> ignore
    arg [-plugin-opt=-pass-through=-lgcc] ==> ignore
    arg [-plugin-opt=-pass-through=-lgcc_s] ==> ignore
    arg [--eh-frame-hdr] ==> ignore
    arg [-m] ==> ignore
    arg [elf_x86_64] ==> ignore
    arg [-export-dynamic] ==> ignore
    arg [-dynamic-linker] ==> ignore
    arg [/lib64/ld-linux-x86-64.so.2] ==> ignore
    arg [-o] ==> ignore
    arg [cmTC_bd4d1] ==> ignore
    arg [/lib/x86_64-linux-gnu/crt1.o] ==> ignore
    arg [/lib/x86_64-linux-gnu/crti.o] ==> ignore
    arg [/usr/local/bin/gcc-10.2.0/lib/gcc/x86_64-linux-gnu/10.2.0/crtbegin.o] ==> ignore
    arg [-L/usr/local/bin/gcc-10.2.0/lib/gcc/x86_64-linux-gnu/10.2.0] ==> dir [/usr/local/bin/gcc-10.2.0/lib/gcc/x86_64-linux-gnu/10.2.0]
    arg [-L/usr/local/bin/gcc-10.2.0/lib/gcc/x86_64-linux-gnu/10.2.0/../../../../lib64] ==> dir [/usr/local/bin/gcc-10.2.0/lib/gcc/x86_64-linux-gnu/10.2.0/../../../../lib64]
    arg [-L/lib/x86_64-linux-gnu] ==> dir [/lib/x86_64-linux-gnu]
    arg [-L/lib/../lib64] ==> dir [/lib/../lib64]
    arg [-L/usr/lib/x86_64-linux-gnu] ==> dir [/usr/lib/x86_64-linux-gnu]
    arg [-L/usr/lib/../lib64] ==> dir [/usr/lib/../lib64]
    arg [-L/usr/local/bin/gcc-10.2.0/lib/gcc/x86_64-linux-gnu/10.2.0/../../..] ==> dir [/usr/local/bin/gcc-10.2.0/lib/gcc/x86_64-linux-gnu/10.2.0/../../..]
    arg [CMakeFiles/cmTC_bd4d1.dir/CMakeCCompilerABI.c.o] ==> ignore
    arg [-lgcc] ==> lib [gcc]
    arg [--push-state] ==> ignore
    arg [--as-needed] ==> ignore
    arg [-lgcc_s] ==> lib [gcc_s]
    arg [--pop-state] ==> ignore
    arg [-lc] ==> lib [c]
    arg [-lgcc] ==> lib [gcc]
    arg [--push-state] ==> ignore
    arg [--as-needed] ==> ignore
    arg [-lgcc_s] ==> lib [gcc_s]
    arg [--pop-state] ==> ignore
    arg [/usr/local/bin/gcc-10.2.0/lib/gcc/x86_64-linux-gnu/10.2.0/crtend.o] ==> ignore
    arg [/lib/x86_64-linux-gnu/crtn.o] ==> ignore
  collapse library dir [/usr/local/bin/gcc-10.2.0/lib/gcc/x86_64-linux-gnu/10.2.0] ==> [/usr/local/bin/gcc-10.2.0/lib/gcc/x86_64-linux-gnu/10.2.0]
  collapse library dir [/usr/local/bin/gcc-10.2.0/lib/gcc/x86_64-linux-gnu/10.2.0/../../../../lib64] ==> [/usr/local/bin/gcc-10.2.0/lib64]
  collapse library dir [/lib/x86_64-linux-gnu] ==> [/lib/x86_64-linux-gnu]
  collapse library dir [/lib/../lib64] ==> [/lib64]
  collapse library dir [/usr/lib/x86_64-linux-gnu] ==> [/usr/lib/x86_64-linux-gnu]
  collapse library dir [/usr/lib/../lib64] ==> [/usr/lib64]
  collapse library dir [/usr/local/bin/gcc-10.2.0/lib/gcc/x86_64-linux-gnu/10.2.0/../../..] ==> [/usr/local/bin/gcc-10.2.0/lib]
  implicit libs: [gcc;gcc_s;c;gcc;gcc_s]
  implicit dirs: [/usr/local/bin/gcc-10.2.0/lib/gcc/x86_64-linux-gnu/10.2.0;/usr/local/bin/gcc-10.2.0/lib64;/lib/x86_64-linux-gnu;/lib64;/usr/lib/x86_64-linux-gnu;/usr/lib64;/usr/local/bin/gcc-10.2.0/lib]
  implicit fwks: []


Detecting CXX compiler ABI info compiled with the following output:
Change Dir: /home/usr/PProjects/opengl_engine_2d/build/CMakeFiles/CMakeTmp

Run Build Command(s):/usr/bin/ninja cmTC_2946c && [1/2] Building CXX object CMakeFiles/cmTC_2946c.dir/CMakeCXXCompilerABI.cpp.o
Using built-in specs.
COLLECT_GCC=/usr/bin/g++
Target: x86_64-linux-gnu
Configured with: ../Downloads/gcc-10.2.0/configure -v --build=x86_64-linux-gnu --host=x86_64-linux-gnu --target=x86_64-linux-gnu --prefix=/usr/local/bin/gcc-10.2.0 --enable-checking=release --enable-languages=c,c++,fortran --disable-multilib --program-suffix=-10.2
Thread model: posix
Supported LTO compression algorithms: zlib
gcc version 10.2.0 (GCC) 
COLLECT_GCC_OPTIONS='-fpermissive' '-v' '-o' 'CMakeFiles/cmTC_2946c.dir/CMakeCXXCompilerABI.cpp.o' '-c' '-shared-libgcc' '-mtune=generic' '-march=x86-64'
 /usr/local/bin/gcc-10.2.0/libexec/gcc/x86_64-linux-gnu/10.2.0/cc1plus -quiet -v -imultiarch x86_64-linux-gnu -D_GNU_SOURCE /home/usr/.asdf/installs/cmake/3.18.2/share/cmake-3.18/Modules/CMakeCXXCompilerABI.cpp -quiet -dumpbase CMakeCXXCompilerABI.cpp -mtune=generic -march=x86-64 -auxbase-strip CMakeFiles/cmTC_2946c.dir/CMakeCXXCompilerABI.cpp.o -version -fpermissive -o /tmp/cc9njkgE.s
GNU C++14 (GCC) version 10.2.0 (x86_64-linux-gnu)
	compiled by GNU C version 10.2.0, GMP version 6.1.0, MPFR version 3.1.4, MPC version 1.0.3, isl version isl-0.18-GMP

GGC heuristics: --param ggc-min-expand=100 --param ggc-min-heapsize=131072
ignoring nonexistent directory "/usr/local/include/x86_64-linux-gnu"
ignoring nonexistent directory "/usr/local/bin/gcc-10.2.0/lib/gcc/x86_64-linux-gnu/10.2.0/../../../../x86_64-linux-gnu/include"
#include "..." search starts here:
#include <...> search starts here:
 /usr/local/bin/gcc-10.2.0/lib/gcc/x86_64-linux-gnu/10.2.0/../../../../include/c++/10.2.0
 /usr/local/bin/gcc-10.2.0/lib/gcc/x86_64-linux-gnu/10.2.0/../../../../include/c++/10.2.0/x86_64-linux-gnu
 /usr/local/bin/gcc-10.2.0/lib/gcc/x86_64-linux-gnu/10.2.0/../../../../include/c++/10.2.0/backward
 /usr/local/bin/gcc-10.2.0/lib/gcc/x86_64-linux-gnu/10.2.0/include
 /usr/local/include
 /usr/local/bin/gcc-10.2.0/include
 /usr/local/bin/gcc-10.2.0/lib/gcc/x86_64-linux-gnu/10.2.0/include-fixed
 /usr/include/x86_64-linux-gnu
 /usr/include
End of search list.
GNU C++14 (GCC) version 10.2.0 (x86_64-linux-gnu)
	compiled by GNU C version 10.2.0, GMP version 6.1.0, MPFR version 3.1.4, MPC version 1.0.3, isl version isl-0.18-GMP

GGC heuristics: --param ggc-min-expand=100 --param ggc-min-heapsize=131072
Compiler executable checksum: 6ac2ab25616114184fe687e7b5f4949f
COLLECT_GCC_OPTIONS='-fpermissive' '-v' '-o' 'CMakeFiles/cmTC_2946c.dir/CMakeCXXCompilerABI.cpp.o' '-c' '-shared-libgcc' '-mtune=generic' '-march=x86-64'
 as -v --64 -o CMakeFiles/cmTC_2946c.dir/CMakeCXXCompilerABI.cpp.o /tmp/cc9njkgE.s
GNU assembler version 2.34 (x86_64-linux-gnu) using BFD version (GNU Binutils for Ubuntu) 2.34
COMPILER_PATH=/usr/local/bin/gcc-10.2.0/libexec/gcc/x86_64-linux-gnu/10.2.0/:/usr/local/bin/gcc-10.2.0/libexec/gcc/x86_64-linux-gnu/10.2.0/:/usr/local/bin/gcc-10.2.0/libexec/gcc/x86_64-linux-gnu/:/usr/local/bin/gcc-10.2.0/lib/gcc/x86_64-linux-gnu/10.2.0/:/usr/local/bin/gcc-10.2.0/lib/gcc/x86_64-linux-gnu/
LIBRARY_PATH=/usr/local/bin/gcc-10.2.0/lib/gcc/x86_64-linux-gnu/10.2.0/:/usr/local/bin/gcc-10.2.0/lib/gcc/x86_64-linux-gnu/10.2.0/../../../../lib64/:/lib/x86_64-linux-gnu/:/lib/../lib64/:/usr/lib/x86_64-linux-gnu/:/usr/lib/../lib64/:/usr/local/bin/gcc-10.2.0/lib/gcc/x86_64-linux-gnu/10.2.0/../../../:/lib/:/usr/lib/
COLLECT_GCC_OPTIONS='-fpermissive' '-v' '-o' 'CMakeFiles/cmTC_2946c.dir/CMakeCXXCompilerABI.cpp.o' '-c' '-shared-libgcc' '-mtune=generic' '-march=x86-64'
[2/2] Linking CXX executable cmTC_2946c
Using built-in specs.
COLLECT_GCC=/usr/bin/g++
COLLECT_LTO_WRAPPER=/usr/local/bin/gcc-10.2.0/libexec/gcc/x86_64-linux-gnu/10.2.0/lto-wrapper
Target: x86_64-linux-gnu
Configured with: ../Downloads/gcc-10.2.0/configure -v --build=x86_64-linux-gnu --host=x86_64-linux-gnu --target=x86_64-linux-gnu --prefix=/usr/local/bin/gcc-10.2.0 --enable-checking=release --enable-languages=c,c++,fortran --disable-multilib --program-suffix=-10.2
Thread model: posix
Supported LTO compression algorithms: zlib
gcc version 10.2.0 (GCC) 
COMPILER_PATH=/usr/local/bin/gcc-10.2.0/libexec/gcc/x86_64-linux-gnu/10.2.0/:/usr/local/bin/gcc-10.2.0/libexec/gcc/x86_64-linux-gnu/10.2.0/:/usr/local/bin/gcc-10.2.0/libexec/gcc/x86_64-linux-gnu/:/usr/local/bin/gcc-10.2.0/lib/gcc/x86_64-linux-gnu/10.2.0/:/usr/local/bin/gcc-10.2.0/lib/gcc/x86_64-linux-gnu/
LIBRARY_PATH=/usr/local/bin/gcc-10.2.0/lib/gcc/x86_64-linux-gnu/10.2.0/:/usr/local/bin/gcc-10.2.0/lib/gcc/x86_64-linux-gnu/10.2.0/../../../../lib64/:/lib/x86_64-linux-gnu/:/lib/../lib64/:/usr/lib/x86_64-linux-gnu/:/usr/lib/../lib64/:/usr/local/bin/gcc-10.2.0/lib/gcc/x86_64-linux-gnu/10.2.0/../../../:/lib/:/usr/lib/
COLLECT_GCC_OPTIONS='-fpermissive' '-v' '-rdynamic' '-o' 'cmTC_2946c' '-shared-libgcc' '-mtune=generic' '-march=x86-64'
 /usr/local/bin/gcc-10.2.0/libexec/gcc/x86_64-linux-gnu/10.2.0/collect2 -plugin /usr/local/bin/gcc-10.2.0/libexec/gcc/x86_64-linux-gnu/10.2.0/liblto_plugin.so -plugin-opt=/usr/local/bin/gcc-10.2.0/libexec/gcc/x86_64-linux-gnu/10.2.0/lto-wrapper -plugin-opt=-fresolution=/tmp/ccvCygu0.res -plugin-opt=-pass-through=-lgcc_s -plugin-opt=-pass-through=-lgcc -plugin-opt=-pass-through=-lc -plugin-opt=-pass-through=-lgcc_s -plugin-opt=-pass-through=-lgcc --eh-frame-hdr -m elf_x86_64 -export-dynamic -dynamic-linker /lib64/ld-linux-x86-64.so.2 -o cmTC_2946c /lib/x86_64-linux-gnu/crt1.o /lib/x86_64-linux-gnu/crti.o /usr/local/bin/gcc-10.2.0/lib/gcc/x86_64-linux-gnu/10.2.0/crtbegin.o -L/usr/local/bin/gcc-10.2.0/lib/gcc/x86_64-linux-gnu/10.2.0 -L/usr/local/bin/gcc-10.2.0/lib/gcc/x86_64-linux-gnu/10.2.0/../../../../lib64 -L/lib/x86_64-linux-gnu -L/lib/../lib64 -L/usr/lib/x86_64-linux-gnu -L/usr/lib/../lib64 -L/usr/local/bin/gcc-10.2.0/lib/gcc/x86_64-linux-gnu/10.2.0/../../.. -lGL -lX11 -lXrandr -lpthread -lXi -ldl -lSOIL CMakeFiles/cmTC_2946c.dir/CMakeCXXCompilerABI.cpp.o -lstdc++ -lm -lgcc_s -lgcc -lc -lgcc_s -lgcc /usr/local/bin/gcc-10.2.0/lib/gcc/x86_64-linux-gnu/10.2.0/crtend.o /lib/x86_64-linux-gnu/crtn.o
COLLECT_GCC_OPTIONS='-fpermissive' '-v' '-rdynamic' '-o' 'cmTC_2946c' '-shared-libgcc' '-mtune=generic' '-march=x86-64'



Parsed CXX implicit include dir info from above output: rv=done
  found start of include info
  found start of implicit include info
    add: [/usr/local/bin/gcc-10.2.0/lib/gcc/x86_64-linux-gnu/10.2.0/../../../../include/c++/10.2.0]
    add: [/usr/local/bin/gcc-10.2.0/lib/gcc/x86_64-linux-gnu/10.2.0/../../../../include/c++/10.2.0/x86_64-linux-gnu]
    add: [/usr/local/bin/gcc-10.2.0/lib/gcc/x86_64-linux-gnu/10.2.0/../../../../include/c++/10.2.0/backward]
    add: [/usr/local/bin/gcc-10.2.0/lib/gcc/x86_64-linux-gnu/10.2.0/include]
    add: [/usr/local/include]
    add: [/usr/local/bin/gcc-10.2.0/include]
    add: [/usr/local/bin/gcc-10.2.0/lib/gcc/x86_64-linux-gnu/10.2.0/include-fixed]
    add: [/usr/include/x86_64-linux-gnu]
    add: [/usr/include]
  end of search list found
  collapse include dir [/usr/local/bin/gcc-10.2.0/lib/gcc/x86_64-linux-gnu/10.2.0/../../../../include/c++/10.2.0] ==> [/usr/local/bin/gcc-10.2.0/include/c++/10.2.0]
  collapse include dir [/usr/local/bin/gcc-10.2.0/lib/gcc/x86_64-linux-gnu/10.2.0/../../../../include/c++/10.2.0/x86_64-linux-gnu] ==> [/usr/local/bin/gcc-10.2.0/include/c++/10.2.0/x86_64-linux-gnu]
  collapse include dir [/usr/local/bin/gcc-10.2.0/lib/gcc/x86_64-linux-gnu/10.2.0/../../../../include/c++/10.2.0/backward] ==> [/usr/local/bin/gcc-10.2.0/include/c++/10.2.0/backward]
  collapse include dir [/usr/local/bin/gcc-10.2.0/lib/gcc/x86_64-linux-gnu/10.2.0/include] ==> [/usr/local/bin/gcc-10.2.0/lib/gcc/x86_64-linux-gnu/10.2.0/include]
  collapse include dir [/usr/local/include] ==> [/usr/local/include]
  collapse include dir [/usr/local/bin/gcc-10.2.0/include] ==> [/usr/local/bin/gcc-10.2.0/include]
  collapse include dir [/usr/local/bin/gcc-10.2.0/lib/gcc/x86_64-linux-gnu/10.2.0/include-fixed] ==> [/usr/local/bin/gcc-10.2.0/lib/gcc/x86_64-linux-gnu/10.2.0/include-fixed]
  collapse include dir [/usr/include/x86_64-linux-gnu] ==> [/usr/include/x86_64-linux-gnu]
  collapse include dir [/usr/include] ==> [/usr/include]
  implicit include dirs: [/usr/local/bin/gcc-10.2.0/include/c++/10.2.0;/usr/local/bin/gcc-10.2.0/include/c++/10.2.0/x86_64-linux-gnu;/usr/local/bin/gcc-10.2.0/include/c++/10.2.0/backward;/usr/local/bin/gcc-10.2.0/lib/gcc/x86_64-linux-gnu/10.2.0/include;/usr/local/include;/usr/local/bin/gcc-10.2.0/include;/usr/local/bin/gcc-10.2.0/lib/gcc/x86_64-linux-gnu/10.2.0/include-fixed;/usr/include/x86_64-linux-gnu;/usr/include]


Parsed CXX implicit link information from above output:
  link line regex: [^( *|.*[/\])(ld|CMAKE_LINK_STARTFILE-NOTFOUND|([^/\]+-)?ld|collect2)[^/\]*( |$)]
  ignore line: [Change Dir: /home/usr/PProjects/opengl_engine_2d/build/CMakeFiles/CMakeTmp]
  ignore line: []
  ignore line: [Run Build Command(s):/usr/bin/ninja cmTC_2946c && [1/2] Building CXX object CMakeFiles/cmTC_2946c.dir/CMakeCXXCompilerABI.cpp.o]
  ignore line: [Using built-in specs.]
  ignore line: [COLLECT_GCC=/usr/bin/g++]
  ignore line: [Target: x86_64-linux-gnu]
  ignore line: [Configured with: ../Downloads/gcc-10.2.0/configure -v --build=x86_64-linux-gnu --host=x86_64-linux-gnu --target=x86_64-linux-gnu --prefix=/usr/local/bin/gcc-10.2.0 --enable-checking=release --enable-languages=c c++ fortran --disable-multilib --program-suffix=-10.2]
  ignore line: [Thread model: posix]
  ignore line: [Supported LTO compression algorithms: zlib]
  ignore line: [gcc version 10.2.0 (GCC) ]
  ignore line: [COLLECT_GCC_OPTIONS='-fpermissive' '-v' '-o' 'CMakeFiles/cmTC_2946c.dir/CMakeCXXCompilerABI.cpp.o' '-c' '-shared-libgcc' '-mtune=generic' '-march=x86-64']
  ignore line: [ /usr/local/bin/gcc-10.2.0/libexec/gcc/x86_64-linux-gnu/10.2.0/cc1plus -quiet -v -imultiarch x86_64-linux-gnu -D_GNU_SOURCE /home/usr/.asdf/installs/cmake/3.18.2/share/cmake-3.18/Modules/CMakeCXXCompilerABI.cpp -quiet -dumpbase CMakeCXXCompilerABI.cpp -mtune=generic -march=x86-64 -auxbase-strip CMakeFiles/cmTC_2946c.dir/CMakeCXXCompilerABI.cpp.o -version -fpermissive -o /tmp/cc9njkgE.s]
  ignore line: [GNU C++14 (GCC) version 10.2.0 (x86_64-linux-gnu)]
  ignore line: [	compiled by GNU C version 10.2.0  GMP version 6.1.0  MPFR version 3.1.4  MPC version 1.0.3  isl version isl-0.18-GMP]
  ignore line: []
  ignore line: [GGC heuristics: --param ggc-min-expand=100 --param ggc-min-heapsize=131072]
  ignore line: [ignoring nonexistent directory "/usr/local/include/x86_64-linux-gnu"]
  ignore line: [ignoring nonexistent directory "/usr/local/bin/gcc-10.2.0/lib/gcc/x86_64-linux-gnu/10.2.0/../../../../x86_64-linux-gnu/include"]
  ignore line: [#include "..." search starts here:]
  ignore line: [#include <...> search starts here:]
  ignore line: [ /usr/local/bin/gcc-10.2.0/lib/gcc/x86_64-linux-gnu/10.2.0/../../../../include/c++/10.2.0]
  ignore line: [ /usr/local/bin/gcc-10.2.0/lib/gcc/x86_64-linux-gnu/10.2.0/../../../../include/c++/10.2.0/x86_64-linux-gnu]
  ignore line: [ /usr/local/bin/gcc-10.2.0/lib/gcc/x86_64-linux-gnu/10.2.0/../../../../include/c++/10.2.0/backward]
  ignore line: [ /usr/local/bin/gcc-10.2.0/lib/gcc/x86_64-linux-gnu/10.2.0/include]
  ignore line: [ /usr/local/include]
  ignore line: [ /usr/local/bin/gcc-10.2.0/include]
  ignore line: [ /usr/local/bin/gcc-10.2.0/lib/gcc/x86_64-linux-gnu/10.2.0/include-fixed]
  ignore line: [ /usr/include/x86_64-linux-gnu]
  ignore line: [ /usr/include]
  ignore line: [End of search list.]
  ignore line: [GNU C++14 (GCC) version 10.2.0 (x86_64-linux-gnu)]
  ignore line: [	compiled by GNU C version 10.2.0  GMP version 6.1.0  MPFR version 3.1.4  MPC version 1.0.3  isl version isl-0.18-GMP]
  ignore line: []
  ignore line: [GGC heuristics: --param ggc-min-expand=100 --param ggc-min-heapsize=131072]
  ignore line: [Compiler executable checksum: 6ac2ab25616114184fe687e7b5f4949f]
  ignore line: [COLLECT_GCC_OPTIONS='-fpermissive' '-v' '-o' 'CMakeFiles/cmTC_2946c.dir/CMakeCXXCompilerABI.cpp.o' '-c' '-shared-libgcc' '-mtune=generic' '-march=x86-64']
  ignore line: [ as -v --64 -o CMakeFiles/cmTC_2946c.dir/CMakeCXXCompilerABI.cpp.o /tmp/cc9njkgE.s]
  ignore line: [GNU assembler version 2.34 (x86_64-linux-gnu) using BFD version (GNU Binutils for Ubuntu) 2.34]
  ignore line: [COMPILER_PATH=/usr/local/bin/gcc-10.2.0/libexec/gcc/x86_64-linux-gnu/10.2.0/:/usr/local/bin/gcc-10.2.0/libexec/gcc/x86_64-linux-gnu/10.2.0/:/usr/local/bin/gcc-10.2.0/libexec/gcc/x86_64-linux-gnu/:/usr/local/bin/gcc-10.2.0/lib/gcc/x86_64-linux-gnu/10.2.0/:/usr/local/bin/gcc-10.2.0/lib/gcc/x86_64-linux-gnu/]
  ignore line: [LIBRARY_PATH=/usr/local/bin/gcc-10.2.0/lib/gcc/x86_64-linux-gnu/10.2.0/:/usr/local/bin/gcc-10.2.0/lib/gcc/x86_64-linux-gnu/10.2.0/../../../../lib64/:/lib/x86_64-linux-gnu/:/lib/../lib64/:/usr/lib/x86_64-linux-gnu/:/usr/lib/../lib64/:/usr/local/bin/gcc-10.2.0/lib/gcc/x86_64-linux-gnu/10.2.0/../../../:/lib/:/usr/lib/]
  ignore line: [COLLECT_GCC_OPTIONS='-fpermissive' '-v' '-o' 'CMakeFiles/cmTC_2946c.dir/CMakeCXXCompilerABI.cpp.o' '-c' '-shared-libgcc' '-mtune=generic' '-march=x86-64']
  ignore line: [[2/2] Linking CXX executable cmTC_2946c]
  ignore line: [Using built-in specs.]
  ignore line: [COLLECT_GCC=/usr/bin/g++]
  ignore line: [COLLECT_LTO_WRAPPER=/usr/local/bin/gcc-10.2.0/libexec/gcc/x86_64-linux-gnu/10.2.0/lto-wrapper]
  ignore line: [Target: x86_64-linux-gnu]
  ignore line: [Configured with: ../Downloads/gcc-10.2.0/configure -v --build=x86_64-linux-gnu --host=x86_64-linux-gnu --target=x86_64-linux-gnu --prefix=/usr/local/bin/gcc-10.2.0 --enable-checking=release --enable-languages=c c++ fortran --disable-multilib --program-suffix=-10.2]
  ignore line: [Thread model: posix]
  ignore line: [Supported LTO compression algorithms: zlib]
  ignore line: [gcc version 10.2.0 (GCC) ]
  ignore line: [COMPILER_PATH=/usr/local/bin/gcc-10.2.0/libexec/gcc/x86_64-linux-gnu/10.2.0/:/usr/local/bin/gcc-10.2.0/libexec/gcc/x86_64-linux-gnu/10.2.0/:/usr/local/bin/gcc-10.2.0/libexec/gcc/x86_64-linux-gnu/:/usr/local/bin/gcc-10.2.0/lib/gcc/x86_64-linux-gnu/10.2.0/:/usr/local/bin/gcc-10.2.0/lib/gcc/x86_64-linux-gnu/]
  ignore line: [LIBRARY_PATH=/usr/local/bin/gcc-10.2.0/lib/gcc/x86_64-linux-gnu/10.2.0/:/usr/local/bin/gcc-10.2.0/lib/gcc/x86_64-linux-gnu/10.2.0/../../../../lib64/:/lib/x86_64-linux-gnu/:/lib/../lib64/:/usr/lib/x86_64-linux-gnu/:/usr/lib/../lib64/:/usr/local/bin/gcc-10.2.0/lib/gcc/x86_64-linux-gnu/10.2.0/../../../:/lib/:/usr/lib/]
  ignore line: [COLLECT_GCC_OPTIONS='-fpermissive' '-v' '-rdynamic' '-o' 'cmTC_2946c' '-shared-libgcc' '-mtune=generic' '-march=x86-64']
  link line: [ /usr/local/bin/gcc-10.2.0/libexec/gcc/x86_64-linux-gnu/10.2.0/collect2 -plugin /usr/local/bin/gcc-10.2.0/libexec/gcc/x86_64-linux-gnu/10.2.0/liblto_plugin.so -plugin-opt=/usr/local/bin/gcc-10.2.0/libexec/gcc/x86_64-linux-gnu/10.2.0/lto-wrapper -plugin-opt=-fresolution=/tmp/ccvCygu0.res -plugin-opt=-pass-through=-lgcc_s -plugin-opt=-pass-through=-lgcc -plugin-opt=-pass-through=-lc -plugin-opt=-pass-through=-lgcc_s -plugin-opt=-pass-through=-lgcc --eh-frame-hdr -m elf_x86_64 -export-dynamic -dynamic-linker /lib64/ld-linux-x86-64.so.2 -o cmTC_2946c /lib/x86_64-linux-gnu/crt1.o /lib/x86_64-linux-gnu/crti.o /usr/local/bin/gcc-10.2.0/lib/gcc/x86_64-linux-gnu/10.2.0/crtbegin.o -L/usr/local/bin/gcc-10.2.0/lib/gcc/x86_64-linux-gnu/10.2.0 -L/usr/local/bin/gcc-10.2.0/lib/gcc/x86_64-linux-gnu/10.2.0/../../../../lib64 -L/lib/x86_64-linux-gnu -L/lib/../lib64 -L/usr/lib/x86_64-linux-gnu -L/usr/lib/../lib64 -L/usr/local/bin/gcc-10.2.0/lib/gcc/x86_64-linux-gnu/10.2.0/../../.. -lGL -lX11 -lXrandr -lpthread -lXi -ldl -lSOIL CMakeFiles/cmTC_2946c.dir/CMakeCXXCompilerABI.cpp.o -lstdc++ -lm -lgcc_s -lgcc -lc -lgcc_s -lgcc /usr/local/bin/gcc-10.2.0/lib/gcc/x86_64-linux-gnu/10.2.0/crtend.o /lib/x86_64-linux-gnu/crtn.o]
    arg [/usr/local/bin/gcc-10.2.0/libexec/gcc/x86_64-linux-gnu/10.2.0/collect2] ==> ignore
    arg [-plugin] ==> ignore
    arg [/usr/local/bin/gcc-10.2.0/libexec/gcc/x86_64-linux-gnu/10.2.0/liblto_plugin.so] ==> ignore
    arg [-plugin-opt=/usr/local/bin/gcc-10.2.0/libexec/gcc/x86_64-linux-gnu/10.2.0/lto-wrapper] ==> ignore
    arg [-plugin-opt=-fresolution=/tmp/ccvCygu0.res] ==> ignore
    arg [-plugin-opt=-pass-through=-lgcc_s] ==> ignore
    arg [-plugin-opt=-pass-through=-lgcc] ==> ignore
    arg [-plugin-opt=-pass-through=-lc] ==> ignore
    arg [-plugin-opt=-pass-through=-lgcc_s] ==> ignore
    arg [-plugin-opt=-pass-through=-lgcc] ==> ignore
    arg [--eh-frame-hdr] ==> ignore
    arg [-m] ==> ignore
    arg [elf_x86_64] ==> ignore
    arg [-export-dynamic] ==> ignore
    arg [-dynamic-linker] ==> ignore
    arg [/lib64/ld-linux-x86-64.so.2] ==> ignore
    arg [-o] ==> ignore
    arg [cmTC_2946c] ==> ignore
    arg [/lib/x86_64-linux-gnu/crt1.o] ==> ignore
    arg [/lib/x86_64-linux-gnu/crti.o] ==> ignore
    arg [/usr/local/bin/gcc-10.2.0/lib/gcc/x86_64-linux-gnu/10.2.0/crtbegin.o] ==> ignore
    arg [-L/usr/local/bin/gcc-10.2.0/lib/gcc/x86_64-linux-gnu/10.2.0] ==> dir [/usr/local/bin/gcc-10.2.0/lib/gcc/x86_64-linux-gnu/10.2.0]
    arg [-L/usr/local/bin/gcc-10.2.0/lib/gcc/x86_64-linux-gnu/10.2.0/../../../../lib64] ==> dir [/usr/local/bin/gcc-10.2.0/lib/gcc/x86_64-linux-gnu/10.2.0/../../../../lib64]
    arg [-L/lib/x86_64-linux-gnu] ==> dir [/lib/x86_64-linux-gnu]
    arg [-L/lib/../lib64] ==> dir [/lib/../lib64]
    arg [-L/usr/lib/x86_64-linux-gnu] ==> dir [/usr/lib/x86_64-linux-gnu]
    arg [-L/usr/lib/../lib64] ==> dir [/usr/lib/../lib64]
    arg [-L/usr/local/bin/gcc-10.2.0/lib/gcc/x86_64-linux-gnu/10.2.0/../../..] ==> dir [/usr/local/bin/gcc-10.2.0/lib/gcc/x86_64-linux-gnu/10.2.0/../../..]
    arg [-lGL] ==> lib [GL]
    arg [-lX11] ==> lib [X11]
    arg [-lXrandr] ==> lib [Xrandr]
    arg [-lpthread] ==> lib [pthread]
    arg [-lXi] ==> lib [Xi]
    arg [-ldl] ==> lib [dl]
    arg [-lSOIL] ==> lib [SOIL]
    arg [CMakeFiles/cmTC_2946c.dir/CMakeCXXCompilerABI.cpp.o] ==> ignore
    arg [-lstdc++] ==> lib [stdc++]
    arg [-lm] ==> lib [m]
    arg [-lgcc_s] ==> lib [gcc_s]
    arg [-lgcc] ==> lib [gcc]
    arg [-lc] ==> lib [c]
    arg [-lgcc_s] ==> lib [gcc_s]
    arg [-lgcc] ==> lib [gcc]
    arg [/usr/local/bin/gcc-10.2.0/lib/gcc/x86_64-linux-gnu/10.2.0/crtend.o] ==> ignore
    arg [/lib/x86_64-linux-gnu/crtn.o] ==> ignore
  collapse library dir [/usr/local/bin/gcc-10.2.0/lib/gcc/x86_64-linux-gnu/10.2.0] ==> [/usr/local/bin/gcc-10.2.0/lib/gcc/x86_64-linux-gnu/10.2.0]
  collapse library dir [/usr/local/bin/gcc-10.2.0/lib/gcc/x86_64-linux-gnu/10.2.0/../../../../lib64] ==> [/usr/local/bin/gcc-10.2.0/lib64]
  collapse library dir [/lib/x86_64-linux-gnu] ==> [/lib/x86_64-linux-gnu]
  collapse library dir [/lib/../lib64] ==> [/lib64]
  collapse library dir [/usr/lib/x86_64-linux-gnu] ==> [/usr/lib/x86_64-linux-gnu]
  collapse library dir [/usr/lib/../lib64] ==> [/usr/lib64]
  collapse library dir [/usr/local/bin/gcc-10.2.0/lib/gcc/x86_64-linux-gnu/10.2.0/../../..] ==> [/usr/local/bin/gcc-10.2.0/lib]
  implicit libs: [GL;X11;Xrandr;pthread;Xi;dl;SOIL;stdc++;m;gcc_s;gcc;c;gcc_s;gcc]
  implicit dirs: [/usr/local/bin/gcc-10.2.0/lib/gcc/x86_64-linux-gnu/10.2.0;/usr/local/bin/gcc-10.2.0/lib64;/lib/x86_64-linux-gnu;/lib64;/usr/lib/x86_64-linux-gnu;/usr/lib64;/usr/local/bin/gcc-10.2.0/lib]
  implicit fwks: []


